\BOOKMARK [1][-]{section.1}{Guide utilisateur}{}% 1
\BOOKMARK [2][-]{subsection.1.1}{Introduction}{section.1}% 2
\BOOKMARK [3][-]{subsubsection.1.1.1}{En g\351n\351ral}{subsection.1.1}% 3
\BOOKMARK [3][-]{subsubsection.1.1.2}{M\351thodes de cryptage}{subsection.1.1}% 4
\BOOKMARK [2][-]{subsection.1.2}{Fonctionnement du programme}{section.1}% 5
\BOOKMARK [3][-]{subsubsection.1.2.1}{Accueil et choix de la langue}{subsection.1.2}% 6
\BOOKMARK [3][-]{subsubsection.1.2.2}{Crypter/D\351crypter}{subsection.1.2}% 7
\BOOKMARK [3][-]{subsubsection.1.2.3}{Choix du principe}{subsection.1.2}% 8
\BOOKMARK [1][-]{section.2}{Guide de maintenance}{}% 9
\BOOKMARK [2][-]{subsection.2.1}{Fonctionnalit\351}{section.2}% 10
\BOOKMARK [3][-]{subsubsection.2.1.1}{En g\351n\351ral}{subsection.2.1}% 11
\BOOKMARK [3][-]{subsubsection.2.1.2}{Diff\351rents \351tats du programme}{subsection.2.1}% 12
\BOOKMARK [3][-]{subsubsection.2.1.3}{En d\351tail et coup\351 en modules}{subsection.2.1}% 13
\BOOKMARK [3][-]{subsubsection.2.1.4}{Structure du programme}{subsection.2.1}% 14
\BOOKMARK [1][-]{section.3}{Interfaces utilisateurs}{}% 15
\BOOKMARK [2][-]{subsection.3.1}{En anglais}{section.3}% 16
\BOOKMARK [2][-]{subsection.3.2}{En fran\347ais}{section.3}% 17
\BOOKMARK [1][-]{section.4}{Code du programme}{}% 18
\BOOKMARK [2][-]{subsection.4.1}{main\137module}{section.4}% 19
\BOOKMARK [2][-]{subsection.4.2}{screen\137constants}{section.4}% 20
\BOOKMARK [2][-]{subsection.4.3}{screen\137module}{section.4}% 21
\BOOKMARK [2][-]{subsection.4.4}{text\137module}{section.4}% 22
\BOOKMARK [2][-]{subsection.4.5}{tests}{section.4}% 23
